make all --print-data-base --no-builtin-variables --no-builtin-rules --question
# GNU Make 3.81
# Copyright (C) 2006  Free Software Foundation, Inc.
# This is free software; see the source for copying conditions.
# There is NO warranty; not even for MERCHANTABILITY or FITNESS FOR A
# PARTICULAR PURPOSE.

# This program built for i386-apple-darwin11.3.0
 
/Applications/Xcode.app/Contents/Developer/usr/bin/make -C libft2
 
# GNU Make 3.81
# Copyright (C) 2006  Free Software Foundation, Inc.
# This is free software; see the source for copying conditions.
# There is NO warranty; not even for MERCHANTABILITY or FITNESS FOR A
# PARTICULAR PURPOSE.

# This program built for i386-apple-darwin11.3.0
 

# Make data base, printed on Fri Oct  7 09:14:43 2022

# Variables

# automatic
 
<D = $(patsubst %/,%,$(dir $<))
# automatic
?F = $(notdir $?)
# environment
ELECTRON_NO_ATTACH_CONSOLE = 1
# environment
LC_CTYPE = UTF-8
# automatic
?D = $(patsubst %/,%,$(dir $?))
# makefile (from `Makefile', line 17)
INCLUDES = ${addprefix -I, ${sort ${dir ${HEADER}}}}
# automatic
@D = $(patsubst %/,%,$(dir $@))
# automatic
@F = $(notdir $@)
# makefile
CURDIR := /Users/theodeville/Desktop/minishell/libft2
# makefile
SHELL = /bin/sh
# environment
VSCODE_NLS_CONFIG = {"locale":"en-gb","availableLanguages":{},"_languagePackSupport":true}
# environment
_ = /usr/bin/make
# makefile (from `Makefile', line 93)
CFLAGS = -Wall -Wextra -Werror -fsanitize=address -g3
# makefile (from `Makefile', line 1)
MAKEFILE_LIST :=  Makefile
# environment
__CFBundleIdentifier = com.microsoft.VSCode
# environment
INFOPATH = /opt/homebrew/share/info:
# environment
VSCODE_CWD = /Users/theodeville/Desktop/minishell
# environment
PATH = /opt/homebrew/bin:/opt/homebrew/sbin:/usr/local/bin:/usr/bin:/bin:/usr/sbin:/sbin:/Library/Apple/usr/bin:/Library/Frameworks/Mono.framework/Versions/Current/Commands
# environment
LSCOLORS = Gxfxcxdxbxegedabagacad
# environment
ELECTRON_RUN_AS_NODE = 1
# default
.FEATURES := target-specific order-only second-expansion else-if archives jobserver check-symlink
# environment
SSH_AUTH_SOCK = /private/tmp/com.apple.launchd.5TINl7vBFl/Listeners
# automatic
%F = $(notdir $%)
# makefile (from `Makefile', line 89)
OBJS = ${SRCS:.c=.o}
# environment
PWD = /Users/theodeville/Desktop/minishell
# environment
HOMEBREW_CELLAR = /opt/homebrew/Cellar
# environment
ORIGINAL_XDG_CURRENT_DESKTOP = undefined
# environment
MANPATH = /opt/homebrew/share/man::
# environment
VSCODE_AMD_ENTRYPOINT = vs/workbench/api/node/extensionHostProcess
# environment
HOME = /Users/theodeville
# default
MAKEFILEPATH := /Applications/Xcode.app/Contents/Developer/Makefiles
# environment
VSCODE_CLI = 1
# environment
VSCODE_CODE_CACHE_PATH = /Users/theodeville/Library/Application Support/Code/CachedData/e4503b30fc78200f846c62cf8091b76ff5547662
# environment
LOGNAME = theodeville
# environment
APPLICATION_INSIGHTS_NO_DIAGNOSTIC_CHANNEL = 1
# environment
ZSH = /Users/theodeville/.oh-my-zsh
# environment
VSCODE_HANDLES_UNCAUGHT_ERRORS = true
# automatic
^D = $(patsubst %/,%,$(dir $^))
# environment
XPC_FLAGS = 0x0
# environment
COLORTERM = truecolor
# default
MAKE = $(MAKE_COMMAND)
# environment
LC_TERMINAL = iTerm2
# makefile (from `Makefile', line 19)
SRCS = ft_check/ft_isalpha.c ft_check/ft_isdigit.c ft_check/ft_isalnum.c ft_check/ft_isascii.c ft_check/ft_isprint.c ft_check/ft_toupper.c ft_check/ft_tolower.c ft_mem/ft_memset.c ft_mem/ft_memcpy.c ft_mem/ft_memmove.c ft_mem/ft_memchr.c ft_mem/ft_memcmp.c ft_atoi_itoa/ft_itoa.c ft_atoi_itoa/gc_itoa.c ft_atoi_itoa/ft_atoi.c ft_atoi_itoa/ft_atoi_base.c ft_str/ft_strlen.c ft_str/ft_strchr.c ft_str/ft_strncmp.c ft_str/ft_strnstr.c ft_str/ft_strrchr.c ft_str/ft_strlcat.c ft_str/ft_strlcpy.c ft_str/ft_strdup.c ft_str/ft_substr.c ft_str/ft_strtrim.c ft_str/ft_strmapi.c ft_str/ft_strmapi.c ft_str/ft_striteri.c ft_str/ft_split.c ft_str/ft_strjoin.c ft_str/ft_strlen_charset.c ft_str/gc_split.c ft_str/gc_split_spaces.c ft_str/gc_substr.c ft_str/gc_strjoin.c ft_str/gc_strdup.c ft_str/gc_strtrim.c ft_malloc/ft_bzero.c ft_malloc/ft_calloc.c ft_malloc/gc_calloc.c ft_put/ft_putchar_fd.c ft_put/ft_putnbr_fd.c ft_put/ft_putstr_fd.c ft_put/ft_putptr.c ft_put/ft_putnbr_usigned_fd.c ft_put/ft_putnbr_base.c ft_put/ft_putendl_fd.c ft_gnl/get_next_line.c ft_gnl/gc_get_next_line.c ft_maths/ft_round.c ft_maths/ft_colinterpolate.c ft_lst/ft_lstnew.c ft_lst/ft_lstadd_front.c ft_lst/ft_lstlast.c ft_lst/ft_lstadd_back.c ft_lst/ft_lstdelone.c ft_lst/ft_lstclear.c ft_lst/ft_lstiter.c ft_lst/ft_lstmap.c ft_lst/ft_lstsize.c ft_gc/gc_add_mal.c ft_gc/gc_lstadd_front.c ft_gc/gc_lstnew.c ft_gc/gc_free_all.c ft_gc/gc_free_malloc.c ft_gc/gc_free_malloc_split.c ft_gc/gc_lstdelone.c
# environment
SHLVL = 3
# makefile (from `Makefile', line 91)
CC = gcc
# default
MAKE_VERSION := 3.81
# environment
USER = theodeville
# makefile
.DEFAULT_GOAL := libft2.a
# environment
TERM_SESSION_ID = w0t0p0:E1807D4C-BC4E-4358-8153-F930BD7F92B0
# makefile (from `Makefile', line 13)
NAME = libft2.a
# environment
LESS = -R
# automatic
%D = $(patsubst %/,%,$(dir $%))
# default
MAKE_COMMAND := /Applications/Xcode.app/Contents/Developer/usr/bin/make
# environment
TERM_PROGRAM = iTerm.app
 
# default
.VARIABLES := 
# environment
TMPDIR = /var/folders/km/mpxk8j2s0plbsdvtskk_jsh80000gn/T/
# automatic
*F = $(notdir $*)
# environment
VSCODE_IPC_HOOK = /Users/theodeville/Library/Application Support/Code/1.70.2-main.sock
# environment
MallocNanoZone = 0
# makefile
MAKEFLAGS = Rrqp
# environment
MFLAGS = -Rrqp
# automatic
*D = $(patsubst %/,%,$(dir $*))
# environment
TERM_PROGRAM_VERSION = 3.4.15
# environment
XPC_SERVICE_NAME = application.com.microsoft.VSCode.13606145.13606151.85E767E0-B32F-43B2-A61E-24F60AD09F87
# environment
LC_TERMINAL_VERSION = 3.4.15
# environment
HOMEBREW_PREFIX = /opt/homebrew
# automatic
+D = $(patsubst %/,%,$(dir $+))
# automatic
+F = $(notdir $+)
# environment
ITERM_SESSION_ID = w0t0p0:E1807D4C-BC4E-4358-8153-F930BD7F92B0
# environment
HOMEBREW_REPOSITORY = /opt/homebrew
# environment
COLORFGBG = 7;0
# environment
__CF_USER_TEXT_ENCODING = 0x1F5:0x0:0x0
# environment
COMMAND_MODE = unix2003
# default
MAKEFILES := 
# automatic
<F = $(notdir $<)
# environment
ITERM_PROFILE = Default
# environment
PAGER = less
# environment
LC_ALL = C
# makefile (from `Makefile', line 15)
HEADER = include/gc.h include/libft.h
# automatic
^F = $(notdir $^)
# default
SUFFIXES := 
# environment
MAKELEVEL := 1
# environment
LANG = C
# environment
TERM = xterm-256color
# environment
VSCODE_PID = 9477
# variable set hash-table stats:
# Load=85/1024=8%, Rehash=0, Collisions=6/119=5%

# Pattern-specific Variable Values

# No pattern-specific variable values.

# Directories

# include (device 16777229, inode 15550711): 4 files, no impossibilities so far.
# . (device 16777229, inode 15550622): 15 files, no impossibilities.
# ft_check (device 16777229, inode 15550631): 8 files, no impossibilities so far.

# 27 files, no impossibilities in 3 directories.

# Implicit Rules

%o: %c include/gc.h include/libft.h Makefile
#  commands to execute (from `Makefile', line 96):
	${CC} ${CFLAGS} -c $< -o $@
	

# 1 implicit rules, 0 (0.0%) terminal.

# Files

# Not a target:
ft_mem/ft_memcmp.o:
#  Implicit rule search has not been done.
#  Modification time never checked.
#  File has not been updated.

# Not a target:
ft_str/ft_substr.o:
#  Implicit rule search has not been done.
#  Modification time never checked.
#  File has not been updated.

# Not a target:
ft_mem/ft_memchr.o:
#  Implicit rule search has not been done.
#  Modification time never checked.
#  File has not been updated.

# Not a target:
ft_gc/gc_lstadd_front.o:
#  Implicit rule search has not been done.
#  Modification time never checked.
#  File has not been updated.

# Not a target:
ft_mem/ft_memset.o:
#  Implicit rule search has not been done.
#  Modification time never checked.
#  File has not been updated.

# Not a target:
ft_gc/gc_lstdelone.o:
#  Implicit rule search has not been done.
#  Modification time never checked.
#  File has not been updated.

# Not a target:
ft_malloc/gc_calloc.o:
#  Implicit rule search has not been done.
#  Modification time never checked.
#  File has not been updated.

all: libft2.a
#  Phony target (prerequisite of .PHONY).
#  Implicit rule search has not been done.
#  File does not exist.
#  File has not been updated.

# Not a target:
ft_malloc/ft_calloc.o:
#  Implicit rule search has not been done.
#  Modification time never checked.
#  File has not been updated.

.PHONY: all clean fclean re
#  Implicit rule search has not been done.
#  Modification time never checked.
#  File has not been updated.

# Not a target:
ft_lst/ft_lstadd_back.o:
#  Implicit rule search has not been done.
#  Modification time never checked.
#  File has not been updated.

# Not a target:
ft_check/ft_isdigit.o:
#  Implicit rule search has not been done.
#  Modification time never checked.
#  File has not been updated.

# Not a target:
ft_atoi_itoa/ft_itoa.o:
#  Implicit rule search has not been done.
#  Modification time never checked.
#  File has not been updated.

# Not a target:
ft_str/ft_strlcpy.o:
#  Implicit rule search has not been done.
#  Modification time never checked.
#  File has not been updated.

# Not a target:
ft_lst/ft_lstiter.o:
#  Implicit rule search has not been done.
#  Modification time never checked.
#  File has not been updated.

# Not a target:
ft_str/gc_substr.o:
#  Implicit rule search has not been done.
#  Modification time never checked.
#  File has not been updated.

# Not a target:
ft_str/ft_strncmp.o:
#  Implicit rule search has not been done.
#  Modification time never checked.
#  File has not been updated.

# Not a target:
ft_gc/gc_free_malloc.o:
#  Implicit rule search has not been done.
#  Modification time never checked.
#  File has not been updated.

# Not a target:
ft_check/ft_tolower.o:
#  Implicit rule search has not been done.
#  Modification time never checked.
#  File has not been updated.

# Not a target:
ft_str/ft_strdup.o:
#  Implicit rule search has not been done.
#  Modification time never checked.
#  File has not been updated.

# Not a target:
ft_gnl/get_next_line.o:
#  Implicit rule search has not been done.
#  Modification time never checked.
#  File has not been updated.

# Not a target:
.SUFFIXES:
#  Implicit rule search has not been done.
#  Modification time never checked.
#  File has not been updated.

# Not a target:
ft_str/ft_strchr.o:
#  Implicit rule search has not been done.
#  Modification time never checked.
#  File has not been updated.

# Not a target:
Makefile:
#  Implicit rule search has been done.
#  Last modified 2022-10-07 09:14:36
#  File has been updated.
#  Successfully updated.
# variable set hash-table stats:
# Load=0/32=0%, Rehash=0, Collisions=0/0=0%

# Not a target:
ft_atoi_itoa/gc_itoa.o:
#  Implicit rule search has not been done.
#  Modification time never checked.
#  File has not been updated.

# Not a target:
ft_gc/gc_free_all.o:
#  Implicit rule search has not been done.
#  Modification time never checked.
#  File has not been updated.

# Not a target:
ft_str/ft_strnstr.o:
#  Implicit rule search has not been done.
#  Modification time never checked.
#  File has not been updated.

# Not a target:
ft_maths/ft_round.o:
#  Implicit rule search has not been done.
#  Modification time never checked.
#  File has not been updated.

# Not a target:
ft_check/ft_isprint.o:
#  Implicit rule search has not been done.
#  Modification time never checked.
#  File has not been updated.

# Not a target:
ft_lst/ft_lstclear.o:
#  Implicit rule search has not been done.
#  Modification time never checked.
#  File has not been updated.

# Not a target:
ft_str/gc_strdup.o:
#  Implicit rule search has not been done.
#  Modification time never checked.
#  File has not been updated.

# Not a target:
ft_put/ft_putptr.o:
#  Implicit rule search has not been done.
#  Modification time never checked.
#  File has not been updated.

# Not a target:
ft_put/ft_putnbr_fd.o:
#  Implicit rule search has not been done.
#  Modification time never checked.
#  File has not been updated.
 

# Not a target:
ft_str/ft_strtrim.o:
#  Implicit rule search has not been done.
#  Modification time never checked.
#  File has not been updated.

# Not a target:
include/gc.h:
#  Implicit rule search has been done.
#  Last modified 2022-10-07 09:14:36
#  File has been updated.
#  Successfully updated.
# variable set hash-table stats:
# Load=0/32=0%, Rehash=0, Collisions=0/0=0%

fclean: clean
#  Phony target (prerequisite of .PHONY).
#  Implicit rule search has not been done.
#  File does not exist.
#  File has not been updated.
#  commands to execute (from `Makefile', line 107):
	rm -f ${NAME}
	

# Not a target:
ft_str/ft_strmapi.o:
#  Implicit rule search has not been done.
#  Modification time never checked.
#  File has not been updated.

# Not a target:
ft_gc/gc_add_mal.o:
#  Implicit rule search has not been done.
#  Modification time never checked.
#  File has not been updated.

# Not a target:
ft_maths/ft_colinterpolate.o:
#  Implicit rule search has not been done.
#  Modification time never checked.
#  File has not been updated.

# Not a target:
ft_lst/ft_lstnew.o:
#  Implicit rule search has not been done.
#  Modification time never checked.
#  File has not been updated.

# Not a target:
ft_str/gc_split_spaces.o:
#  Implicit rule search has not been done.
#  Modification time never checked.
#  File has not been updated.

# Not a target:
ft_str/ft_strlen.o:
#  Implicit rule search has not been done.
#  Modification time never checked.
#  File has not been updated.

# Not a target:
.DEFAULT:
#  Implicit rule search has not been done.
#  Modification time never checked.
#  File has not been updated.

# Not a target:
ft_str/gc_strtrim.o:
#  Implicit rule search has not been done.
#  Modification time never checked.
#  File has not been updated.

ft_check/ft_isalpha.o: ft_check/ft_isalpha.c include/gc.h include/libft.h Makefile
#  Implicit rule search has been done.
#  Implicit/static pattern stem: `ft_check/ft_isalpha.'
#  File does not exist.
#  File has been updated.
#  Needs to be updated (-q is set).
# automatic
# @ := ft_check/ft_isalpha.o
# automatic
# % := 
# automatic
# * := ft_check/ft_isalpha.
# automatic
# + := ft_check/ft_isalpha.c include/gc.h include/libft.h Makefile
# automatic
# | := 
# automatic
# < := ft_check/ft_isalpha.c
# automatic
# ^ := ft_check/ft_isalpha.c include/gc.h include/libft.h Makefile
# automatic
# ? := ft_check/ft_isalpha.c include/gc.h include/libft.h Makefile
# variable set hash-table stats:
# Load=8/32=25%, Rehash=0, Collisions=1/14=7%
#  commands to execute (from `Makefile', line 96):
	${CC} ${CFLAGS} -c $< -o $@
	

re: fclean all
#  Phony target (prerequisite of .PHONY).
#  Implicit rule search has not been done.
#  File does not exist.
#  File has not been updated.

# Not a target:
ft_mem/ft_memmove.o:
#  Implicit rule search has not been done.
#  Modification time never checked.
#  File has not been updated.

clean:
#  Phony target (prerequisite of .PHONY).
#  Implicit rule search has not been done.
#  File does not exist.
#  File has not been updated.
#  commands to execute (from `Makefile', line 104):
	rm -f ${OBJS}
	

# Not a target:
ft_gc/gc_free_malloc_split.o:
#  Implicit rule search has not been done.
#  Modification time never checked.
#  File has not been updated.

# Not a target:
ft_str/ft_strrchr.o:
#  Implicit rule search has not been done.
#  Modification time never checked.
#  File has not been updated.

# Not a target:
ft_str/ft_strjoin.o:
#  Implicit rule search has not been done.
#  Modification time never checked.
#  File has not been updated.

# Not a target:
ft_str/ft_split.o:
#  Implicit rule search has not been done.
#  Modification time never checked.
#  File has not been updated.

# Not a target:
ft_str/ft_strlen_charset.o:
#  Implicit rule search has not been done.
#  Modification time never checked.
#  File has not been updated.

# Not a target:
ft_lst/ft_lstsize.o:
#  Implicit rule search has not been done.
#  Modification time never checked.
#  File has not been updated.

# Not a target:
ft_check/ft_isalnum.o:
#  Implicit rule search has not been done.
#  Modification time never checked.
#  File has not been updated.

# Not a target:
ft_put/ft_putstr_fd.o:
#  Implicit rule search has not been done.
#  Modification time never checked.
#  File has not been updated.

# Not a target:
ft_gc/gc_lstnew.o:
#  Implicit rule search has not been done.
#  Modification time never checked.
#  File has not been updated.

libft2.a: ft_check/ft_isalpha.o ft_check/ft_isdigit.o ft_check/ft_isalnum.o ft_check/ft_isascii.o ft_check/ft_isprint.o ft_check/ft_toupper.o ft_check/ft_tolower.o ft_mem/ft_memset.o ft_mem/ft_memcpy.o ft_mem/ft_memmove.o ft_mem/ft_memchr.o ft_mem/ft_memcmp.o ft_atoi_itoa/ft_itoa.o ft_atoi_itoa/gc_itoa.o ft_atoi_itoa/ft_atoi.o ft_atoi_itoa/ft_atoi_base.o ft_str/ft_strlen.o ft_str/ft_strchr.o ft_str/ft_strncmp.o ft_str/ft_strnstr.o ft_str/ft_strrchr.o ft_str/ft_strlcat.o ft_str/ft_strlcpy.o ft_str/ft_strdup.o ft_str/ft_substr.o ft_str/ft_strtrim.o ft_str/ft_strmapi.o ft_str/ft_strmapi.o ft_str/ft_striteri.o ft_str/ft_split.o ft_str/ft_strjoin.o ft_str/ft_strlen_charset.o ft_str/gc_split.o ft_str/gc_split_spaces.o ft_str/gc_substr.o ft_str/gc_strjoin.o ft_str/gc_strdup.o ft_str/gc_strtrim.o ft_malloc/ft_bzero.o ft_malloc/ft_calloc.o ft_malloc/gc_calloc.o ft_put/ft_putchar_fd.o ft_put/ft_putnbr_fd.o ft_put/ft_putstr_fd.o ft_put/ft_putptr.o ft_put/ft_putnbr_usigned_fd.o ft_put/ft_putnbr_base.o ft_put/ft_putendl_f 
d.o ft_gnl/get_next_line.o ft_gnl/gc_get_next_line.o ft_maths/ft_round.o ft_maths/ft_colinterpolate.o ft_lst/ft_lstnew.o ft_lst/ft_lstadd_front.o ft_lst/ft_lstlast.o ft_lst/ft_lstadd_back.o ft_lst/ft_lstdelone.o ft_lst/ft_lstclear.o ft_lst/ft_lstiter.o ft_lst/ft_lstmap.o ft_lst/ft_lstsize.o ft_gc/gc_add_mal.o ft_gc/gc_lstadd_front.o ft_gc/gc_lstnew.o ft_gc/gc_free_all.o ft_gc/gc_free_malloc.o ft_gc/gc_free_malloc_split.o ft_gc/gc_lstdelone.o
#  Implicit rule search has not been done.
#  File does not exist.
#  File has been updated.
#  Needs to be updated (-q is set).
# variable set hash-table stats:
# Load=0/32=0%, Rehash=0, Collisions=0/4=0%
#  commands to execute (from `Makefile', line 99):
	ar -rcs ${NAME} ${OBJS}
	

# Not a target:
ft_str/ft_strlcat.o:
#  Implicit rule search has not been done.
#  Modification time never checked.
#  File has not been updated.

# Not a target:
ft_check/ft_isalpha.c:
#  Implicit rule search has been done.
#  Last modified 2022-10-07 09:14:36
#  File has been updated.
#  Successfully updated.
# variable set hash-table stats:
# Load=0/32=0%, Rehash=0, Collisions=0/0=0%

# Not a target:
ft_put/ft_putnbr_base.o:
#  Implicit rule search has not been done.
#  Modification time never checked.
#  File has not been updated.

# Not a target:
ft_lst/ft_lstmap.o:
#  Implicit rule search has not been done.
#  Modification time never checked.
#  File has not been updated.

# Not a target:
ft_check/ft_toupper.o:
#  Implicit rule search has not been done.
#  Modification time never checked.
#  File has not been updated.

# Not a target:
ft_lst/ft_lstlast.o:
#  Implicit rule search has not been done.
#  Modification time never checked.
#  File has not been updated.

# Not a target:
ft_put/ft_putchar_fd.o:
#  Implicit rule search has not been done.
#  Modification time never checked.
#  File has not been updated.

# Not a target:
ft_str/gc_strjoin.o:
#  Implicit rule search has not been done.
#  Modification time never checked.
#  File has not been updated.

# Not a target:
ft_str/gc_split.o:
#  Implicit rule search has not been done.
#  Modification time never checked.
#  File has not been updated.

# Not a target:
ft_lst/ft_lstadd_front.o:
#  Implicit rule search has not been done.
#  Modification time never checked.
#  File has not been updated.

# Not a target:
ft_str/ft_striteri.o:
#  Implicit rule search has not been done.
#  Modification time never checked.
#  File has not been updated.

# Not a target:
ft_lst/ft_lstdelone.o:
#  Implicit rule search has not been done.
#  Modification time never checked.
#  File has not been updated.

# Not a target:
ft_malloc/ft_bzero.o:
#  Implicit rule search has not been done.
#  Modification time never checked.
#  File has not been updated.

# Not a target:
ft_atoi_itoa/ft_atoi_base.o:
#  Implicit rule search has not been done.
#  Modification time never checked.
#  File has not been updated.

# Not a target:
include/libft.h:
#  Implicit rule search has been done.
#  Last modified 2022-10-07 09:14:36
#  File has been updated.
#  Successfully updated.
# variable set hash-table stats:
# Load=0/32=0%, Rehash=0, Collisions=0/0=0%

# Not a target:
ft_gnl/gc_get_next_line.o:
#  Implicit rule search has not been done.
#  Modification time never checked.
#  File has not been updated.

# Not a target:
ft_put/ft_putnbr_usigned_fd.o:
#  Implicit rule search has not been done.
#  Modification time never checked.
#  File has not been updated.

# Not a target:
ft_put/ft_putendl_fd.o:
#  Implicit rule search has not been done.
#  Modification time never checked.
#  File has not been updated.

# Not a target:
ft_check/ft_isascii.o:
#  Implicit rule search has not been done.
#  Modification time never checked.
#  File has not been updated.

# Not a target:
ft_atoi_itoa/ft_atoi.o:
#  Implicit rule search has not been done.
#  Modification time never checked.
#  File has not been updated.

# Not a target:
ft_mem/ft_memcpy.o:
#  Implicit rule search has not been done.
#  Modification time never checked.
#  File has not been updated.

# files hash-table stats:
# Load=79/1024=8%, Rehash=0, Collisions=9/176=5%
# VPATH Search Paths

# No `vpath' search paths.

# No general (`VPATH' variable) search path.

# # of strings in strcache: 1
# # of strcache buffers: 1
# strcache size: total = 4096 / max = 4096 / min = 4096 / avg = 4096
# strcache free: total = 4087 / max = 4087 / min = 4087 / avg = 4087

# Finished Make data base on Fri Oct  7 09:14:43 2022

 
make: *** [maker] Error 1


# Make data base, printed on Fri Oct  7 09:14:43 2022

# Variables

# automatic
<D = $(patsubst %/,%,$(dir $<))
# automatic
 
?F = $(notdir $?)
# environment
ELECTRON_NO_ATTACH_CONSOLE = 1
# environment
LC_CTYPE = UTF-8
# automatic
?D = $(patsubst %/,%,$(dir $?))
# automatic
@D = $(patsubst %/,%,$(dir $@))
# automatic
@F = $(notdir $@)
# makefile
CURDIR := /Users/theodeville/Desktop/minishell
# makefile
SHELL = /bin/sh
# environment
VSCODE_NLS_CONFIG = {"locale":"en-gb","availableLanguages":{},"_languagePackSupport":true}
# environment
_ = /usr/bin/make
# makefile (from `Makefile', line 21)
EXECINCLUDES = -lreadline -I./readline/include
# makefile (from `config/built_srcs.mk', line 1)
MAKEFILE_LIST :=  Makefile config/pars_srcs.mk config/exec_srcs.mk config/built_srcs.mk
# environment
__CFBundleIdentifier = com.microsoft.VSCode
# environment
INFOPATH = /opt/homebrew/share/info:
# environment
VSCODE_CWD = /Users/theodeville/Desktop/minishell
# environment
PATH = /opt/homebrew/bin:/opt/homebrew/sbin:/usr/local/bin:/usr/bin:/bin:/usr/sbin:/sbin:/Library/Apple/usr/bin:/Library/Frameworks/Mono.framework/Versions/Current/Commands
# environment
LSCOLORS = Gxfxcxdxbxegedabagacad
# makefile (from `Makefile', line 30)
CFLAGS = -Wall -Werror -Wextra -fsanitize=address -g3
# environment
ELECTRON_RUN_AS_NODE = 1
# default
.FEATURES := target-specific order-only second-expansion else-if archives jobserver check-symlink
# environment
SSH_AUTH_SOCK = /private/tmp/com.apple.launchd.5TINl7vBFl/Listeners
# automatic
%F = $(notdir $%)
# makefile (from `Makefile', line 27)
OBJS = ${SRCS:.c=.o}
# environment
PWD = /Users/theodeville/Desktop/minishell
# environment
HOMEBREW_CELLAR = /opt/homebrew/Cellar
# environment
ORIGINAL_XDG_CURRENT_DESKTOP = undefined
# environment
MANPATH = /opt/homebrew/share/man::
# environment
VSCODE_AMD_ENTRYPOINT = vs/workbench/api/node/extensionHostProcess
# environment
HOME = /Users/theodeville
# default
MAKEFILEPATH := /Applications/Xcode.app/Contents/Developer/Makefiles
# environment
VSCODE_CLI = 1
# environment
VSCODE_CODE_CACHE_PATH = /Users/theodeville/Library/Application Support/Code/CachedData/e4503b30fc78200f846c62cf8091b76ff5547662
# environment
LOGNAME = theodeville
# environment
APPLICATION_INSIGHTS_NO_DIAGNOSTIC_CHANNEL = 1
# environment
ZSH = /Users/theodeville/.oh-my-zsh
# environment
VSCODE_HANDLES_UNCAUGHT_ERRORS = true
# automatic
^D = $(patsubst %/,%,$(dir $^))
# environment
XPC_FLAGS = 0x0
# environment
COLORTERM = truecolor
# default
MAKE = $(MAKE_COMMAND)
# environment
LC_TERMINAL = iTerm2
# makefile (from `Makefile', line 25)
SRCS = src/parsing/p_bin_path.c src/parsing/p_get_cmd.c src/parsing/p_utils.c src/parsing/p_utils2.c src/parsing/p_utils3.c src/parsing/p_utils4.c src/parsing/p_lexer.c src/parsing/p_here_doc_check.c src/parsing/p_here_doc_expend_var.c src/parsing/p_here_doc.c src/parsing/p_here_doc_utils.c src/parsing/p_here_doc_utils2.c src/parsing/p_synthax_checker.c src/parsing/p_synthax_checker2.c src/exec/e_exec.c src/exec/e_exec2.c src/exec/e_built.c src/exec/e_built2.c src/exec/e_check_path.c src/exec/e_open_file.c src/exec/e_utils.c src/exec/e_hd_signals.c src/exec/e_signals.c src/exec/e_signals2.c src/exec/e_signals3.c src/built_in/b_init.c src/built_in/b_unset.c src/built_in/b_exit.c src/built_in/b_export.c src/built_in/b_export2.c src/built_in/b_cd.c src/built_in/b_echo.c src/built_in/b_echo_utils.c src/built_in/b_echo_utils2.c src/built_in/b_echo_envvar.c src/built_in/b_utils.c src/main.c
# environment
SHLVL = 3
# makefile (from `Makefile', line 19)
LIBFT = libft2
# makefile (from `Makefile', line 29)
CC = gcc
# default
MAKE_VERSION := 3.81
# environment
USER = theodeville
# makefile
.DEFAULT_GOAL := all
# default
MAKECMDGOALS := all
# environment
 
TERM_SESSION_ID = w0t0p0:E1807D4C-BC4E-4358-8153-F930BD7F92B0
# makefile (from `Makefile', line 17)
NAME = minishell
# environment
LESS = -R
# automatic
%D = $(patsubst %/,%,$(dir $%))
# default
MAKE_COMMAND := /Applications/Xcode.app/Contents/Developer/usr/bin/make
# environment
TERM_PROGRAM = iTerm.app
# default
.VARIABLES := 
# environment
TMPDIR = /var/folders/km/mpxk8j2s0plbsdvtskk_jsh80000gn/T/
# automatic
*F = $(notdir $*)
# environment
VSCODE_IPC_HOOK = /Users/theodeville/Library/Application Support/Code/1.70.2-main.sock
# environment
MallocNanoZone = 0
# makefile
MAKEFLAGS = Rrqp
# environment
MFLAGS = -Rrqp
# automatic
*D = $(patsubst %/,%,$(dir $*))
# environment
TERM_PROGRAM_VERSION = 3.4.15
# environment
XPC_SERVICE_NAME = application.com.microsoft.VSCode.13606145.13606151.85E767E0-B32F-43B2-A61E-24F60AD09F87
# environment
LC_TERMINAL_VERSION = 3.4.15
# environment
HOMEBREW_PREFIX = /opt/homebrew
# automatic
+D = $(patsubst %/,%,$(dir $+))
# automatic
+F = $(notdir $+)
# environment
ITERM_SESSION_ID = w0t0p0:E1807D4C-BC4E-4358-8153-F930BD7F92B0
# environment
HOMEBREW_REPOSITORY = /opt/homebrew
# environment
COLORFGBG = 7;0
# environment
__CF_USER_TEXT_ENCODING = 0x1F5:0x0:0x0
# environment
COMMAND_MODE = unix2003
# default
MAKEFILES := 
# automatic
<F = $(notdir $<)
# environment
ITERM_PROFILE = Default
# environment
PAGER = less
# environment
LC_ALL = C
# makefile (from `Makefile', line 18)
HEADER = includes/minishell.h libft2/include/libft2.h libft2/include/gc.h
# automatic
^F = $(notdir $^)
# default
SUFFIXES := 
# environment
MAKELEVEL := 0
# environment
LANG = C
# environment
TERM = xterm-256color
# environment
VSCODE_PID = 9477
# variable set hash-table stats:
# Load=87/1024=8%, Rehash=0, Collisions=9/133=7%

# Pattern-specific Variable Values

# No pattern-specific variable values.

# Directories

# . (device 16777229, inode 15550540): 12 files, no impossibilities.

# 12 files, no impossibilities in 1 directories.

# Implicit Rules

%.o: %.c	includes/minishell.h libft2/include/libft2.h libft2/include/gc.h
#  commands to execute (from `Makefile', line 35):
	${CC} ${CFLAGS} -c $< -o $@
	

# 1 implicit rules, 0 (0.0%) terminal.

# Files

# Not a target:
src/parsing/p_lexer.o:
#  Implicit rule search has not been done.
#  Modification time never checked.
#  File has not been updated.

# Not a target:
src/exec/e_signals2.o:
#  Implicit rule search has not been done.
#  Modification time never checked.
#  File has not been updated.

maker:
#  Phony target (prerequisite of .PHONY).
#  Implicit rule search has not been done.
#  Implicit/static pattern stem: `'
#  File does not exist.
#  File has been updated.
#  Failed to be updated.
# automatic
# @ := maker
# automatic
# % := 
# automatic
# * := 
# automatic
# + := 
# automatic
# | := 
# automatic
# < := 
# automatic
# ^ := 
# automatic
# ? := 
# variable set hash-table stats:
# Load=8/32=25%, Rehash=0, Collisions=2/13=15%
#  commands to execute (from `Makefile', line 42):
	${MAKE} -C ${LIBFT}
	

# Not a target:
src/built_in/b_echo.o:
#  Implicit rule search has not been done.
#  Modification time never checked.
 
#  File has not been updated.

# Not a target:
src/exec/e_open_file.o:
#  Implicit rule search has not been done.
#  Modification time never checked.
#  File has not been updated.

all: maker minishell
#  Phony target (prerequisite of .PHONY).
#  Command-line target.
#  Implicit rule search has not been done.
#  File does not exist.
#  File has not been updated.
# variable set hash-table stats:
# Load=0/32=0%, Rehash=0, Collisions=0/5=0%

# Not a target:
src/built_in/b_export.o:
#  Implicit rule search has not been done.
#  Modification time never checked.
#  File has not been updated.

# Not a target:
src/parsing/p_here_doc_check.o:
#  Implicit rule search has not been done.
#  Modification time never checked.
#  File has not been updated.

.PHONY: all clean fclean re maker
#  Implicit rule search has not been done.
#  Modification time never checked.
#  File has not been updated.

# Not a target:
src/main.o:
#  Implicit rule search has not been done.
#  Modification time never checked.
#  File has not been updated.

# Not a target:
src/built_in/b_echo_utils2.o:
#  Implicit rule search has not been done.
#  Modification time never checked.
#  File has not been updated.

# Not a target:
src/built_in/b_utils.o:
#  Implicit rule search has not been done.
#  Modification time never checked.
#  File has not been updated.

# Not a target:
config/exec_srcs.mk:
#  Implicit rule search has been done.
#  Last modified 2022-10-07 09:14:36
#  File has been updated.
#  Successfully updated.
# variable set hash-table stats:
# Load=0/32=0%, Rehash=0, Collisions=0/0=0%

# Not a target:
src/parsing/p_here_doc_utils.o:
#  Implicit rule search has not been done.
#  Modification time never checked.
#  File has not been updated.

# Not a target:
src/exec/e_built2.o:
#  Implicit rule search has not been done.
#  Modification time never checked.
#  File has not been updated.

# Not a target:
.SUFFIXES:
#  Implicit rule search has not been done.
#  Modification time never checked.
#  File has not been updated.

# Not a target:
Makefile:
#  Implicit rule search has been done.
#  Last modified 2022-10-07 09:14:36
#  File has been updated.
#  Successfully updated.
# variable set hash-table stats:
# Load=0/32=0%, Rehash=0, Collisions=0/0=0%

# Not a target:
src/exec/e_exec2.o:
#  Implicit rule search has not been done.
#  Modification time never checked.
#  File has not been updated.

# Not a target:
libft2/libft2.a:
#  Implicit rule search has not been done.
#  Modification time never checked.
#  File has not been updated.

# Not a target:
src/parsing/p_bin_path.o:
#  Implicit rule search has not been done.
#  Modification time never checked.
#  File has not been updated.

# Not a target:
src/parsing/p_utils2.o:
#  Implicit rule search has not been done.
#  Modification time never checked.
#  File has not been updated.

# Not a target:
config/built_srcs.mk:
#  Implicit rule search has been done.
#  Last modified 2022-10-07 09:14:36
#  File has been updated.
#  Successfully updated.
# variable set hash-table stats:
# Load=0/32=0%, Rehash=0, Collisions=0/0=0%

# Not a target:
src/parsing/p_get_cmd.o:
#  Implicit rule search has not been done.
#  Modification time never checked.
#  File has not been updated.
 

# Not a target:
src/parsing/p_synthax_checker2.o:
#  Implicit rule search has not been done.
#  Modification time never checked.
#  File has not been updated.

# Not a target:
src/built_in/b_exit.o:
#  Implicit rule search has not been done.
#  Modification time never checked.
#  File has not been updated.

minishell: src/parsing/p_bin_path.o src/parsing/p_get_cmd.o src/parsing/p_utils.o src/parsing/p_utils2.o src/parsing/p_utils3.o src/parsing/p_utils4.o src/parsing/p_lexer.o src/parsing/p_here_doc_check.o src/parsing/p_here_doc_expend_var.o src/parsing/p_here_doc.o src/parsing/p_here_doc_utils.o src/parsing/p_here_doc_utils2.o src/parsing/p_synthax_checker.o src/parsing/p_synthax_checker2.o src/exec/e_exec.o src/exec/e_exec2.o src/exec/e_built.o src/exec/e_built2.o src/exec/e_check_path.o src/exec/e_open_file.o src/exec/e_utils.o src/exec/e_hd_signals.o src/exec/e_signals.o src/exec/e_signals2.o src/exec/e_signals3.o src/built_in/b_init.o src/built_in/b_unset.o src/built_in/b_exit.o src/built_in/b_export.o src/built_in/b_export2.o src/built_in/b_cd.o src/built_in/b_echo.o src/built_in/b_echo_utils.o src/built_in/b_echo_utils2.o src/built_in/b_echo_envvar.o src/built_in/b_utils.o src/main.o libft2/libft2.a
#  Implicit rule search has not been done.
#  Modification time never checked.
#  File has not been updated.
#  commands to execute (from `Makefile', line 40):
	${CC} ${CFLAGS} ${OBJS}  ${EXECINCLUDES} -o $@ libft2/libft2.a
	

fclean: clean
#  Phony target (prerequisite of .PHONY).
#  Implicit rule search has not been done.
#  File does not exist.
#  File has not been updated.
#  commands to execute (from `Makefile', line 49):
	rm -f ${NAME}
	${MAKE} fclean -C ${LIBFT}
	

# Not a target:
config/pars_srcs.mk:
#  Implicit rule search has been done.
#  Last modified 2022-10-07 09:14:36
#  File has been updated.
#  Successfully updated.
# variable set hash-table stats:
# Load=0/32=0%, Rehash=0, Collisions=0/0=0%

# Not a target:
src/exec/e_signals3.o:
#  Implicit rule search has not been done.
#  Modification time never checked.
#  File has not been updated.

# Not a target:
src/exec/e_check_path.o:
#  Implicit rule search has not been done.
#  Modification time never checked.
#  File has not been updated.

# Not a target:
src/built_in/b_unset.o:
#  Implicit rule search has not been done.
#  Modification time never checked.
#  File has not been updated.

# Not a target:
src/built_in/b_export2.o:
#  Implicit rule search has not been done.
#  Modification time never checked.
#  File has not been updated.

# Not a target:
src/parsing/p_here_doc.o:
#  Implicit rule search has not been done.
#  Modification time never checked.
#  File has not been updated.

# Not a target:
.DEFAULT:
#  Implicit rule search has not been done.
#  Modification time never checked.
#  File has not been updated.

# Not a target:
src/exec/e_signals.o:
#  Implicit rule search has not been done.
#  Modification time never checked.
#  File has not been updated.

re: fclean all
#  Phony target (prerequisite of .PHONY).
#  Implicit rule search has not been done.
#  File does not exist.
#  File has not been updated.

# Not a target:
src/parsing/p_here_doc_utils2.o:
#  Implicit rule search has not been done.
#  Modification time never checked.
#  File has not been updated.

clean:
#  Phony target (prerequisite of .PHONY).
#  Implicit rule search has not been done.
#  File does not exist.
#  File has not been updated.
#  commands to execute (from `Makefile', line 45):
	rm -f ${OBJS}
	${MAKE} clean -C ${LIBFT}
	

# Not a target:
src/parsing/p_here_doc_expend_var.o:
#  Implicit rule search has not been done.
#  Modification time never checked.
#  File has not been updated.

# Not a target:
src/built_in/b_init.o:
#  Implicit rule search has not been done.
#  Modification time never checked.
#  File has not been updated.

# Not a target:
src/built_in/b_echo_utils.o:
#  Implicit rule search has not been done.
#  Modification time never checked.
#  File has not been updated.

# Not a target:
src/parsing/p_utils4.o:
#  Implicit rule search has not been done.
#  Modification time never checked.
#  File has not been updated.

 
# Not a target:
src/exec/e_built.o:
#  Implicit rule search has not been done.
#  Modification time never checked.
#  File has not been updated.

# Not a target:
src/exec/e_utils.o:
#  Implicit rule search has not been done.
#  Modification time never checked.
#  File has not been updated.

# Not a target:
src/parsing/p_utils3.o:
#  Implicit rule search has not been done.
#  Modification time never checked.
#  File has not been updated.

# Not a target:
src/built_in/b_cd.o:
#  Implicit rule search has not been done.
#  Modification time never checked.
#  File has not been updated.

# Not a target:
src/built_in/b_echo_envvar.o:
#  Implicit rule search has not been done.
#  Modification time never checked.
#  File has not been updated.

# Not a target:
src/parsing/p_utils.o:
#  Implicit rule search has not been done.
#  Modification time never checked.
#  File has not been updated.

# Not a target:
src/exec/e_exec.o:
#  Implicit rule search has not been done.
#  Modification time never checked.
#  File has not been updated.

# Not a target:
src/parsing/p_synthax_checker.o:
#  Implicit rule search has not been done.
#  Modification time never checked.
#  File has not been updated.

# Not a target:
src/exec/e_hd_signals.o:
#  Implicit rule search has not been done.
#  Modification time never checked.
#  File has not been updated.

# files hash-table stats:
# Load=51/1024=5%, Rehash=0, Collisions=2/117=2%
# VPATH Search Paths

# No `vpath' search paths.

# No general (`VPATH' variable) search path.

# # of strings in strcache: 4
# # of strcache buffers: 1
# strcache size: total = 4096 / max = 4096 / min = 4096 / avg = 4096
# strcache free: total = 4026 / max = 4026 / min = 4026 / avg = 4026

# Finished Make data base on Fri Oct  7 09:14:43 2022

 
